<?xml version="1.0" encoding="UTF-8"?>
<!-- Generated by org.testng.reporters.JUnitReportReporter -->
<testsuite skipped="0" hostname="LIN49002343" name="testRunner.testRunner" tests="1" failures="0" timestamp="13 Jan 2021 07:10:03 GMT" time="148.090" errors="0">
  <testcase name="run_cukes" time="148.090" classname="testRunner.testRunner"/>
</testsuite> <!-- testRunner.testRunner -->
